2023-05-01 22:14:11,844 INFO  [restartedMain] com.tpe.SpringbootintroApplication:Starting SpringbootintroApplication using Java 11.0.18 on yupe with PID 69953 (/mnt/depo/Coding Projects/intelliJ_Workspace/Batch130-131/08- SpringBoot/springbootintro/target/classes started by yupe in /mnt/depo/Coding Projects/intelliJ_Workspace/Batch130-131/08- SpringBoot/springbootintro)
2023-05-01 22:14:11,866 INFO  [restartedMain] com.tpe.SpringbootintroApplication:No active profile set, falling back to default profiles: default
2023-05-01 22:14:12,327 INFO  [restartedMain] org.springframework.boot.devtools.env.DevToolsPropertyDefaultsPostProcessor:Devtools property defaults active! Set 'spring.devtools.add-properties' to 'false' to disable
2023-05-01 22:14:12,327 INFO  [restartedMain] org.springframework.boot.devtools.env.DevToolsPropertyDefaultsPostProcessor:For additional web related logging consider setting the 'logging.level.web' property to 'DEBUG'
2023-05-01 22:14:15,724 INFO  [restartedMain] org.springframework.data.repository.config.RepositoryConfigurationDelegate:Bootstrapping Spring Data JPA repositories in DEFAULT mode.
2023-05-01 22:14:15,865 INFO  [restartedMain] org.springframework.data.repository.config.RepositoryConfigurationDelegate:Finished Spring Data repository scanning in 105 ms. Found 1 JPA repository interfaces.
2023-05-01 22:14:18,145 INFO  [restartedMain] org.springframework.boot.web.embedded.tomcat.TomcatWebServer:Tomcat initialized with port(s): 8080 (http)
2023-05-01 22:14:18,166 INFO  [restartedMain] org.apache.catalina.core.StandardService:Starting service [Tomcat]
2023-05-01 22:14:18,167 INFO  [restartedMain] org.apache.catalina.core.StandardEngine:Starting Servlet engine: [Apache Tomcat/9.0.56]
2023-05-01 22:14:18,400 INFO  [restartedMain] org.apache.catalina.core.ContainerBase.[Tomcat].[localhost].[/]:Initializing Spring embedded WebApplicationContext
2023-05-01 22:14:18,402 INFO  [restartedMain] org.springframework.boot.web.servlet.context.ServletWebServerApplicationContext:Root WebApplicationContext: initialization completed in 6074 ms
2023-05-01 22:14:19,326 INFO  [restartedMain] org.hibernate.jpa.internal.util.LogHelper:HHH000204: Processing PersistenceUnitInfo [name: default]
2023-05-01 22:14:19,511 INFO  [restartedMain] org.hibernate.Version:HHH000412: Hibernate ORM core version 5.6.4.Final
2023-05-01 22:14:20,012 INFO  [restartedMain] org.hibernate.annotations.common.Version:HCANN000001: Hibernate Commons Annotations {5.1.2.Final}
2023-05-01 22:14:20,274 INFO  [restartedMain] com.zaxxer.hikari.HikariDataSource:HikariPool-1 - Starting...
2023-05-01 22:14:21,024 INFO  [restartedMain] com.zaxxer.hikari.HikariDataSource:HikariPool-1 - Start completed.
2023-05-01 22:14:21,053 INFO  [restartedMain] org.hibernate.dialect.Dialect:HHH000400: Using dialect: org.hibernate.dialect.PostgreSQLDialect
2023-05-01 22:14:22,877 INFO  [restartedMain] org.hibernate.engine.transaction.jta.platform.internal.JtaPlatformInitiator:HHH000490: Using JtaPlatform implementation: [org.hibernate.engine.transaction.jta.platform.internal.NoJtaPlatform]
2023-05-01 22:14:22,889 INFO  [restartedMain] org.springframework.orm.jpa.LocalContainerEntityManagerFactoryBean:Initialized JPA EntityManagerFactory for persistence unit 'default'
2023-05-01 22:14:24,276 WARN  [restartedMain] org.springframework.boot.autoconfigure.orm.jpa.JpaBaseConfiguration$JpaWebConfiguration:spring.jpa.open-in-view is enabled by default. Therefore, database queries may be performed during view rendering. Explicitly configure spring.jpa.open-in-view to disable this warning
2023-05-01 22:14:25,330 INFO  [restartedMain] org.springframework.boot.autoconfigure.security.servlet.UserDetailsServiceAutoConfiguration:

Using generated security password: fa979c87-b022-4ecf-aaa5-22c3aed76ba9

2023-05-01 22:14:25,667 INFO  [restartedMain] org.springframework.boot.actuate.endpoint.web.EndpointLinksResolver:Exposing 4 endpoint(s) beneath base path '/actuator'
2023-05-01 22:14:25,706 INFO  [restartedMain] org.springframework.security.web.DefaultSecurityFilterChain:Will secure any request with [org.springframework.security.web.context.request.async.WebAsyncManagerIntegrationFilter@1428510d, org.springframework.security.web.context.SecurityContextPersistenceFilter@405123f8, org.springframework.security.web.header.HeaderWriterFilter@3bf2eb27, org.springframework.web.filter.CorsFilter@60c87ab1, org.springframework.security.web.csrf.CsrfFilter@3b5317bd, org.springframework.security.web.authentication.logout.LogoutFilter@355116ea, org.springframework.security.web.authentication.UsernamePasswordAuthenticationFilter@1014e4da, org.springframework.security.web.authentication.ui.DefaultLoginPageGeneratingFilter@220eac8b, org.springframework.security.web.authentication.ui.DefaultLogoutPageGeneratingFilter@c6577d8, org.springframework.security.web.authentication.www.BasicAuthenticationFilter@6ec05020, org.springframework.security.web.savedrequest.RequestCacheAwareFilter@7674bae8, org.springframework.security.web.servletapi.SecurityContextHolderAwareRequestFilter@28c8b046, org.springframework.security.web.authentication.AnonymousAuthenticationFilter@74c3f45c, org.springframework.security.web.session.SessionManagementFilter@13abfb1c, org.springframework.security.web.access.ExceptionTranslationFilter@4b929e1a, org.springframework.security.web.access.intercept.FilterSecurityInterceptor@76296d3e]
2023-05-01 22:14:25,906 INFO  [restartedMain] org.springframework.boot.devtools.autoconfigure.OptionalLiveReloadServer:LiveReload server is running on port 35729
2023-05-01 22:14:26,005 INFO  [restartedMain] org.springframework.boot.web.embedded.tomcat.TomcatWebServer:Tomcat started on port(s): 8080 (http) with context path ''
2023-05-01 22:14:26,033 INFO  [restartedMain] com.tpe.SpringbootintroApplication:Started SpringbootintroApplication in 16.62 seconds (JVM running for 19.142)
2023-05-01 22:16:16,694 INFO  [http-nio-8080-exec-1] org.apache.catalina.core.ContainerBase.[Tomcat].[localhost].[/]:Initializing Spring DispatcherServlet 'dispatcherServlet'
2023-05-01 22:18:09,332 INFO  [SpringApplicationShutdownHook] org.springframework.orm.jpa.LocalContainerEntityManagerFactoryBean:Closing JPA EntityManagerFactory for persistence unit 'default'
2023-05-01 22:18:09,339 INFO  [SpringApplicationShutdownHook] com.zaxxer.hikari.HikariDataSource:HikariPool-1 - Shutdown initiated...
2023-05-01 22:18:09,383 INFO  [SpringApplicationShutdownHook] com.zaxxer.hikari.HikariDataSource:HikariPool-1 - Shutdown completed.
2023-05-01 22:18:22,495 INFO  [restartedMain] com.tpe.SpringbootintroApplication:Starting SpringbootintroApplication using Java 11.0.18 on yupe with PID 70624 (/mnt/depo/Coding Projects/intelliJ_Workspace/Batch130-131/08- SpringBoot/springbootintro/target/classes started by yupe in /mnt/depo/Coding Projects/intelliJ_Workspace/Batch130-131/08- SpringBoot/springbootintro)
2023-05-01 22:18:22,499 INFO  [restartedMain] com.tpe.SpringbootintroApplication:No active profile set, falling back to default profiles: default
2023-05-01 22:18:22,685 INFO  [restartedMain] org.springframework.boot.devtools.env.DevToolsPropertyDefaultsPostProcessor:Devtools property defaults active! Set 'spring.devtools.add-properties' to 'false' to disable
2023-05-01 22:18:22,686 INFO  [restartedMain] org.springframework.boot.devtools.env.DevToolsPropertyDefaultsPostProcessor:For additional web related logging consider setting the 'logging.level.web' property to 'DEBUG'
2023-05-01 22:18:26,096 INFO  [restartedMain] org.springframework.data.repository.config.RepositoryConfigurationDelegate:Bootstrapping Spring Data JPA repositories in DEFAULT mode.
2023-05-01 22:18:26,238 INFO  [restartedMain] org.springframework.data.repository.config.RepositoryConfigurationDelegate:Finished Spring Data repository scanning in 114 ms. Found 1 JPA repository interfaces.
2023-05-01 22:18:28,144 INFO  [restartedMain] org.springframework.boot.web.embedded.tomcat.TomcatWebServer:Tomcat initialized with port(s): 8080 (http)
2023-05-01 22:18:28,179 INFO  [restartedMain] org.apache.catalina.core.StandardService:Starting service [Tomcat]
2023-05-01 22:18:28,182 INFO  [restartedMain] org.apache.catalina.core.StandardEngine:Starting Servlet engine: [Apache Tomcat/9.0.56]
2023-05-01 22:18:28,332 INFO  [restartedMain] org.apache.catalina.core.ContainerBase.[Tomcat].[localhost].[/]:Initializing Spring embedded WebApplicationContext
2023-05-01 22:18:28,333 INFO  [restartedMain] org.springframework.boot.web.servlet.context.ServletWebServerApplicationContext:Root WebApplicationContext: initialization completed in 5646 ms
2023-05-01 22:18:29,254 INFO  [restartedMain] org.hibernate.jpa.internal.util.LogHelper:HHH000204: Processing PersistenceUnitInfo [name: default]
2023-05-01 22:18:29,332 INFO  [restartedMain] org.hibernate.Version:HHH000412: Hibernate ORM core version 5.6.4.Final
2023-05-01 22:18:29,715 INFO  [restartedMain] org.hibernate.annotations.common.Version:HCANN000001: Hibernate Commons Annotations {5.1.2.Final}
2023-05-01 22:18:29,957 INFO  [restartedMain] com.zaxxer.hikari.HikariDataSource:HikariPool-1 - Starting...
2023-05-01 22:18:30,785 INFO  [restartedMain] com.zaxxer.hikari.HikariDataSource:HikariPool-1 - Start completed.
2023-05-01 22:18:30,822 INFO  [restartedMain] org.hibernate.dialect.Dialect:HHH000400: Using dialect: org.hibernate.dialect.PostgreSQLDialect
2023-05-01 22:18:32,511 INFO  [restartedMain] org.hibernate.engine.transaction.jta.platform.internal.JtaPlatformInitiator:HHH000490: Using JtaPlatform implementation: [org.hibernate.engine.transaction.jta.platform.internal.NoJtaPlatform]
2023-05-01 22:18:32,529 INFO  [restartedMain] org.springframework.orm.jpa.LocalContainerEntityManagerFactoryBean:Initialized JPA EntityManagerFactory for persistence unit 'default'
2023-05-01 22:18:33,928 WARN  [restartedMain] org.springframework.boot.autoconfigure.orm.jpa.JpaBaseConfiguration$JpaWebConfiguration:spring.jpa.open-in-view is enabled by default. Therefore, database queries may be performed during view rendering. Explicitly configure spring.jpa.open-in-view to disable this warning
2023-05-01 22:18:35,055 INFO  [restartedMain] org.springframework.boot.autoconfigure.security.servlet.UserDetailsServiceAutoConfiguration:

Using generated security password: 723fbbbf-01db-43db-893d-982c830f4cc6

2023-05-01 22:18:35,479 INFO  [restartedMain] org.springframework.boot.actuate.endpoint.web.EndpointLinksResolver:Exposing 4 endpoint(s) beneath base path '/actuator'
2023-05-01 22:18:35,524 INFO  [restartedMain] org.springframework.security.web.DefaultSecurityFilterChain:Will secure any request with [org.springframework.security.web.context.request.async.WebAsyncManagerIntegrationFilter@278c2e84, org.springframework.security.web.context.SecurityContextPersistenceFilter@65e19a2c, org.springframework.security.web.header.HeaderWriterFilter@1213dbe8, org.springframework.web.filter.CorsFilter@6631a7e2, org.springframework.security.web.csrf.CsrfFilter@1ebe5b91, org.springframework.security.web.authentication.logout.LogoutFilter@2d9d292f, org.springframework.security.web.authentication.UsernamePasswordAuthenticationFilter@342fa4b8, org.springframework.security.web.authentication.ui.DefaultLoginPageGeneratingFilter@6c4fe4fd, org.springframework.security.web.authentication.ui.DefaultLogoutPageGeneratingFilter@3b6937b7, org.springframework.security.web.authentication.www.BasicAuthenticationFilter@37cd591a, org.springframework.security.web.savedrequest.RequestCacheAwareFilter@1742037a, org.springframework.security.web.servletapi.SecurityContextHolderAwareRequestFilter@70072bf1, org.springframework.security.web.authentication.AnonymousAuthenticationFilter@61c67ba5, org.springframework.security.web.session.SessionManagementFilter@6d3bfaa1, org.springframework.security.web.access.ExceptionTranslationFilter@6aa68db9, org.springframework.security.web.access.intercept.FilterSecurityInterceptor@1311ba9b]
2023-05-01 22:18:35,706 INFO  [restartedMain] org.springframework.boot.devtools.autoconfigure.OptionalLiveReloadServer:LiveReload server is running on port 35729
2023-05-01 22:18:35,836 INFO  [restartedMain] org.springframework.boot.web.embedded.tomcat.TomcatWebServer:Tomcat started on port(s): 8080 (http) with context path ''
2023-05-01 22:18:35,878 INFO  [restartedMain] com.tpe.SpringbootintroApplication:Started SpringbootintroApplication in 15.016 seconds (JVM running for 16.978)
2023-05-01 22:18:53,854 INFO  [http-nio-8080-exec-1] org.apache.catalina.core.ContainerBase.[Tomcat].[localhost].[/]:Initializing Spring DispatcherServlet 'dispatcherServlet'
2023-05-01 22:20:27,113 INFO  [SpringApplicationShutdownHook] org.springframework.orm.jpa.LocalContainerEntityManagerFactoryBean:Closing JPA EntityManagerFactory for persistence unit 'default'
2023-05-01 22:20:27,120 INFO  [SpringApplicationShutdownHook] com.zaxxer.hikari.HikariDataSource:HikariPool-1 - Shutdown initiated...
2023-05-01 22:20:27,152 INFO  [SpringApplicationShutdownHook] com.zaxxer.hikari.HikariDataSource:HikariPool-1 - Shutdown completed.
2023-05-01 22:34:58,118 INFO  [restartedMain] com.tpe.SpringbootintroApplication:Starting SpringbootintroApplication using Java 11.0.18 on yupe with PID 72321 (/mnt/depo/Coding Projects/intelliJ_Workspace/Batch130-131/08- SpringBoot/springbootintro/target/classes started by yupe in /mnt/depo/Coding Projects/intelliJ_Workspace/Batch130-131/08- SpringBoot/springbootintro)
2023-05-01 22:34:58,125 INFO  [restartedMain] com.tpe.SpringbootintroApplication:No active profile set, falling back to default profiles: default
2023-05-01 22:34:58,308 INFO  [restartedMain] org.springframework.boot.devtools.env.DevToolsPropertyDefaultsPostProcessor:Devtools property defaults active! Set 'spring.devtools.add-properties' to 'false' to disable
2023-05-01 22:34:58,309 INFO  [restartedMain] org.springframework.boot.devtools.env.DevToolsPropertyDefaultsPostProcessor:For additional web related logging consider setting the 'logging.level.web' property to 'DEBUG'
2023-05-01 22:35:01,443 INFO  [restartedMain] org.springframework.data.repository.config.RepositoryConfigurationDelegate:Bootstrapping Spring Data JPA repositories in DEFAULT mode.
2023-05-01 22:35:01,520 INFO  [restartedMain] org.springframework.data.repository.config.RepositoryConfigurationDelegate:Finished Spring Data repository scanning in 58 ms. Found 1 JPA repository interfaces.
2023-05-01 22:35:03,140 INFO  [restartedMain] org.springframework.boot.web.embedded.tomcat.TomcatWebServer:Tomcat initialized with port(s): 8080 (http)
2023-05-01 22:35:03,179 INFO  [restartedMain] org.apache.catalina.core.StandardService:Starting service [Tomcat]
2023-05-01 22:35:03,181 INFO  [restartedMain] org.apache.catalina.core.StandardEngine:Starting Servlet engine: [Apache Tomcat/9.0.56]
2023-05-01 22:35:03,601 INFO  [restartedMain] org.apache.catalina.core.ContainerBase.[Tomcat].[localhost].[/]:Initializing Spring embedded WebApplicationContext
2023-05-01 22:35:03,602 INFO  [restartedMain] org.springframework.boot.web.servlet.context.ServletWebServerApplicationContext:Root WebApplicationContext: initialization completed in 5291 ms
2023-05-01 22:35:04,517 INFO  [restartedMain] org.hibernate.jpa.internal.util.LogHelper:HHH000204: Processing PersistenceUnitInfo [name: default]
2023-05-01 22:35:04,619 INFO  [restartedMain] org.hibernate.Version:HHH000412: Hibernate ORM core version 5.6.4.Final
2023-05-01 22:35:04,913 INFO  [restartedMain] org.hibernate.annotations.common.Version:HCANN000001: Hibernate Commons Annotations {5.1.2.Final}
2023-05-01 22:35:05,104 INFO  [restartedMain] com.zaxxer.hikari.HikariDataSource:HikariPool-1 - Starting...
2023-05-01 22:35:05,795 INFO  [restartedMain] com.zaxxer.hikari.HikariDataSource:HikariPool-1 - Start completed.
2023-05-01 22:35:05,822 INFO  [restartedMain] org.hibernate.dialect.Dialect:HHH000400: Using dialect: org.hibernate.dialect.PostgreSQLDialect
2023-05-01 22:35:07,336 INFO  [restartedMain] org.hibernate.engine.transaction.jta.platform.internal.JtaPlatformInitiator:HHH000490: Using JtaPlatform implementation: [org.hibernate.engine.transaction.jta.platform.internal.NoJtaPlatform]
2023-05-01 22:35:07,356 INFO  [restartedMain] org.springframework.orm.jpa.LocalContainerEntityManagerFactoryBean:Initialized JPA EntityManagerFactory for persistence unit 'default'
2023-05-01 22:35:08,556 WARN  [restartedMain] org.springframework.boot.autoconfigure.orm.jpa.JpaBaseConfiguration$JpaWebConfiguration:spring.jpa.open-in-view is enabled by default. Therefore, database queries may be performed during view rendering. Explicitly configure spring.jpa.open-in-view to disable this warning
2023-05-01 22:35:09,904 INFO  [restartedMain] org.springframework.boot.actuate.endpoint.web.EndpointLinksResolver:Exposing 4 endpoint(s) beneath base path '/actuator'
2023-05-01 22:35:09,950 INFO  [restartedMain] org.springframework.security.web.DefaultSecurityFilterChain:Will secure any request with [org.springframework.security.web.context.request.async.WebAsyncManagerIntegrationFilter@13a7a63e, org.springframework.security.web.context.SecurityContextPersistenceFilter@412256d5, org.springframework.security.web.header.HeaderWriterFilter@362d2dce, org.springframework.web.filter.CorsFilter@1e868499, org.springframework.security.web.csrf.CsrfFilter@5a234dff, org.springframework.security.web.authentication.logout.LogoutFilter@195eff27, org.springframework.security.web.authentication.UsernamePasswordAuthenticationFilter@59f2f75c, org.springframework.security.web.authentication.ui.DefaultLoginPageGeneratingFilter@a24636, org.springframework.security.web.authentication.ui.DefaultLogoutPageGeneratingFilter@73a60189, org.springframework.security.web.authentication.www.BasicAuthenticationFilter@4555031b, org.springframework.security.web.savedrequest.RequestCacheAwareFilter@21c7e3ae, org.springframework.security.web.servletapi.SecurityContextHolderAwareRequestFilter@4dc946d4, org.springframework.security.web.authentication.AnonymousAuthenticationFilter@17dae53f, org.springframework.security.web.session.SessionManagementFilter@3b94cec, org.springframework.security.web.access.ExceptionTranslationFilter@4a5f688a, org.springframework.security.web.access.intercept.FilterSecurityInterceptor@447ec71f]
2023-05-01 22:35:10,095 INFO  [restartedMain] org.springframework.boot.devtools.autoconfigure.OptionalLiveReloadServer:LiveReload server is running on port 35729
2023-05-01 22:35:10,182 INFO  [restartedMain] org.springframework.boot.web.embedded.tomcat.TomcatWebServer:Tomcat started on port(s): 8080 (http) with context path ''
2023-05-01 22:35:10,221 INFO  [restartedMain] com.tpe.SpringbootintroApplication:Started SpringbootintroApplication in 13.829 seconds (JVM running for 15.49)
2023-05-01 22:35:37,535 INFO  [http-nio-8080-exec-1] org.apache.catalina.core.ContainerBase.[Tomcat].[localhost].[/]:Initializing Spring DispatcherServlet 'dispatcherServlet'
2023-05-01 22:37:22,596 INFO  [SpringApplicationShutdownHook] org.springframework.orm.jpa.LocalContainerEntityManagerFactoryBean:Closing JPA EntityManagerFactory for persistence unit 'default'
2023-05-01 22:37:22,615 INFO  [SpringApplicationShutdownHook] com.zaxxer.hikari.HikariDataSource:HikariPool-1 - Shutdown initiated...
2023-05-01 22:37:22,670 INFO  [SpringApplicationShutdownHook] com.zaxxer.hikari.HikariDataSource:HikariPool-1 - Shutdown completed.
